<?xml version="1.0" encoding="UTF-8"?>
<testsuite name="edu.rice.comp504.adapter.DispatchAdapterTest" time="0.005" tests="4" errors="0" skipped="0" failures="0">
  <properties>
[...]
</properties>
  <testcase name="testupdateBallWorld" classname="edu.rice.comp504.adapter.DispatchAdapterTest" time="0.005"/>
  <testcase name="removeObjects" classname="edu.rice.comp504.adapter.DispatchAdapterTest" time="0"/>
  <testcase name="switchStrategy" classname="edu.rice.comp504.adapter.DispatchAdapterTest" time="0"/>
  <testcase name="removeAll" classname="edu.rice.comp504.adapter.DispatchAdapterTest" time="0"/>
</testsuite>